{"ts":1673599181242,"action":"FILE_OPENED","file":"/src/main/resources/languages_de_DE.properties","tags":{"FILE_LINE_OF_CODE":"29"}}
{"ts":1673599182851,"action":"PROJECT_OPENED","tags":{"PROJECT_NAME":"Minesumo"}}
{"ts":1673599613523,"action":"IDE_DEACTIVATED"}
{"ts":1673599832855,"action":"IDE_ACTIVATED"}
{"ts":1673599846258,"action":"FILE_CLOSED","file":"/src/main/resources/languages_de_DE.properties","tags":{"FILE_LINE_OF_CODE":"29"}}
{"ts":1673599846258,"action":"FILE_OPENED","file":"/src/main/java/me/alex/minesumo/instances/ArenaImpl.java","tags":{"FILE_LINE_OF_CODE":"374"}}
{"ts":1673599854859,"action":"IDE_DEACTIVATED"}
{"ts":1673599954786,"action":"IDE_ACTIVATED"}
{"ts":1673599956695,"action":"IDE_DEACTIVATED"}
{"ts":1673602279323,"action":"IDE_ACTIVATED"}
{"ts":1673602282491,"action":"FILE_CLOSED","file":"/src/main/java/me/alex/minesumo/instances/ArenaImpl.java","tags":{"FILE_LINE_OF_CODE":"374"}}
{"ts":1673602282635,"action":"PROJECT_CLOSED","tags":{"PROJECT_NAME":"Minesumo"}}
{"ts":1673605051609,"action":"FILE_OPENED","file":"/src/main/resources/languages_de_DE.properties","tags":{"FILE_LINE_OF_CODE":"29"}}
{"ts":1673605054186,"action":"PROJECT_OPENED","tags":{"PROJECT_NAME":"Minesumo"}}
{"ts":1673605109715,"action":"FILE_CLOSED","file":"/src/main/resources/languages_de_DE.properties","tags":{"FILE_LINE_OF_CODE":"29"}}
{"ts":1673605109716,"action":"FILE_OPENED","file":"/src/main/java/me/alex/minesumo/instances/ArenaImpl.java","tags":{"FILE_LINE_OF_CODE":"374"}}
{"ts":1673605320197,"action":"IDE_DEACTIVATED"}
{"ts":1673605330721,"action":"IDE_ACTIVATED"}
{"ts":1673605364264,"action":"FILE_CLOSED","file":"/src/main/java/me/alex/minesumo/instances/ArenaImpl.java","tags":{"FILE_LINE_OF_CODE":"374"}}
{"ts":1673605364264,"action":"FILE_OPENED","file":"/src/main/java/me/alex/minesumo/commands/Stats.java","tags":{"FILE_LINE_OF_CODE":"50"}}
{"ts":1673605375114,"action":"IDE_DEACTIVATED"}
{"ts":1673605421653,"action":"IDE_ACTIVATED"}
{"ts":1673605747216,"action":"IDE_DEACTIVATED"}
{"ts":1673605870344,"action":"IDE_ACTIVATED"}
{"ts":1673605872910,"action":"IDE_DEACTIVATED"}
{"ts":1673609604105,"action":"IDE_ACTIVATED"}
{"ts":1673609606267,"action":"FILE_CLOSED","file":"/src/main/java/me/alex/minesumo/commands/Stats.java","tags":{"FILE_LINE_OF_CODE":"50"}}
{"ts":1673609606431,"action":"PROJECT_CLOSED","tags":{"PROJECT_NAME":"Minesumo"}}
{"ts":1673619751519,"action":"FILE_OPENED","file":"/src/main/java/me/alex/minesumo/instances/ArenaImpl.java","tags":{"FILE_LINE_OF_CODE":"374"}}
{"ts":1673619754378,"action":"PROJECT_OPENED","tags":{"PROJECT_NAME":"Minesumo"}}
{"ts":1673620277000,"action":"IDE_ACTIVATED"}
{"ts":1673620401701,"action":"IDE_DEACTIVATED"}
{"ts":1673620403083,"action":"IDE_ACTIVATED"}
{"ts":1673620419195,"action":"FILE_CLOSED","file":"/src/main/java/me/alex/minesumo/instances/ArenaImpl.java","tags":{"FILE_LINE_OF_CODE":"374"}}
{"ts":1673620419195,"action":"FILE_OPENED","file":"/src/main/java/me/alex/minesumo/commands/Stats.java","tags":{"FILE_LINE_OF_CODE":"50"}}
{"ts":1673620580114,"action":"FILE_CLOSED","file":"/src/main/java/me/alex/minesumo/commands/Stats.java","tags":{"FILE_LINE_OF_CODE":"60"}}
{"ts":1673620580114,"action":"FILE_OPENED","file":"/src/main/java/me/alex/minesumo/data/statistics/StatisticsManager.java","tags":{"FILE_LINE_OF_CODE":"140"}}
{"ts":1673620595410,"action":"FILE_CLOSED","file":"/src/main/java/me/alex/minesumo/data/statistics/StatisticsManager.java","tags":{"FILE_LINE_OF_CODE":"140"}}
{"ts":1673620595410,"action":"FILE_OPENED","file":"/src/main/java/me/alex/minesumo/commands/Stats.java","tags":{"FILE_LINE_OF_CODE":"60"}}
{"ts":1673620600259,"action":"FILE_CLOSED","file":"/src/main/java/me/alex/minesumo/commands/Stats.java","tags":{"FILE_LINE_OF_CODE":"60"}}
{"ts":1673620600259,"action":"FILE_OPENED","file":"/src/main/java/me/alex/minesumo/Minesumo.java","tags":{"FILE_LINE_OF_CODE":"145"}}
{"ts":1673620602655,"action":"FILE_CLOSED","file":"/src/main/java/me/alex/minesumo/Minesumo.java","tags":{"FILE_LINE_OF_CODE":"145"}}
{"ts":1673620602655,"action":"FILE_OPENED","file":"/src/main/java/me/alex/minesumo/data/statistics/StatisticsManager.java","tags":{"FILE_LINE_OF_CODE":"140"}}
{"ts":1673620620063,"action":"FILE_CLOSED","file":"/src/main/java/me/alex/minesumo/data/statistics/StatisticsManager.java","tags":{"FILE_LINE_OF_CODE":"140"}}
{"ts":1673620620063,"action":"FILE_OPENED","file":"/src/main/java/me/alex/minesumo/commands/Stats.java","tags":{"FILE_LINE_OF_CODE":"60"}}
{"ts":1673620624364,"action":"FILE_CLOSED","file":"/src/main/java/me/alex/minesumo/commands/Stats.java","tags":{"FILE_LINE_OF_CODE":"60"}}
{"ts":1673620624364,"action":"FILE_OPENED","file":"/src/main/java/me/alex/minesumo/data/statistics/StatisticsManager.java","tags":{"FILE_LINE_OF_CODE":"140"}}
{"ts":1673620640161,"action":"FILE_CLOSED","file":"/src/main/java/me/alex/minesumo/data/statistics/StatisticsManager.java","tags":{"FILE_LINE_OF_CODE":"140"}}
{"ts":1673620640161,"action":"FILE_OPENED","file":"/src/main/java/me/alex/minesumo/commands/Stats.java","tags":{"FILE_LINE_OF_CODE":"60"}}
{"ts":1673621123626,"action":"FILE_CLOSED","file":"/src/main/java/me/alex/minesumo/commands/Stats.java","tags":{"FILE_LINE_OF_CODE":"52"}}
{"ts":1673621123626,"action":"FILE_OPENED","file":"/src/main/java/me/alex/minesumo/Main.java","tags":{"FILE_LINE_OF_CODE":"3"}}
{"ts":1673621188205,"action":"FILE_CLOSED","file":"/src/main/java/me/alex/minesumo/Main.java","tags":{"FILE_LINE_OF_CODE":"11"}}
{"ts":1673621188205,"action":"FILE_OPENED","file":"/src/main/java/me/alex/minesumo/data/statistics/StatisticsManager.java","tags":{"FILE_LINE_OF_CODE":"140"}}
{"ts":1673621258442,"action":"FILE_CLOSED","file":"/src/main/java/me/alex/minesumo/data/statistics/StatisticsManager.java","tags":{"FILE_LINE_OF_CODE":"140"}}
{"ts":1673621258442,"action":"FILE_OPENED","file":"/src/main/java/me/alex/minesumo/data/database/PlayerStatisiticsDBHandler.java","tags":{"FILE_LINE_OF_CODE":"119"}}
{"ts":1673621391742,"action":"FILE_CLOSED","file":"/src/main/java/me/alex/minesumo/data/database/PlayerStatisiticsDBHandler.java","tags":{"FILE_LINE_OF_CODE":"132"}}
{"ts":1673621391742,"action":"FILE_OPENED","file":"/src/main/java/me/alex/minesumo/Main.java","tags":{"FILE_LINE_OF_CODE":"11"}}
{"ts":1673621407756,"action":"FILE_CLOSED","file":"/src/main/java/me/alex/minesumo/Main.java","tags":{"FILE_LINE_OF_CODE":"11"}}
{"ts":1673621407756,"action":"FILE_OPENED","file":"/build.gradle","tags":{"FILE_LINE_OF_CODE":"43"}}
{"ts":1673621426308,"action":"FILE_CLOSED","file":"/build.gradle","tags":{"FILE_LINE_OF_CODE":"43"}}
{"ts":1673621426308,"action":"FILE_OPENED","file":"/src/main/java/me/alex/minesumo/Main.java","tags":{"FILE_LINE_OF_CODE":"11"}}
{"ts":1673621454425,"action":"FILE_CLOSED","file":"/src/main/java/me/alex/minesumo/Main.java","tags":{"FILE_LINE_OF_CODE":"11"}}
{"ts":1673621547359,"action":"FILE_OPENED","file":"/src/main/java/me/alex/minesumo/utils/MojangUtils.java","tags":{"FILE_LINE_OF_CODE":"3"}}
{"ts":1673621650094,"action":"FILE_CLOSED","file":"/src/main/java/me/alex/minesumo/utils/MojangUtils.java","tags":{"FILE_LINE_OF_CODE":"54"}}
{"ts":1673621650094,"action":"FILE_OPENED","file":"/src/main/java/me/alex/minesumo/Main.java","tags":{"FILE_LINE_OF_CODE":"11"}}
{"ts":1673621689629,"action":"IDE_DEACTIVATED"}
{"ts":1673621691026,"action":"IDE_ACTIVATED"}
{"ts":1673621714397,"action":"FILE_CLOSED","file":"/src/main/java/me/alex/minesumo/Main.java","tags":{"FILE_LINE_OF_CODE":"11"}}
{"ts":1673621714397,"action":"FILE_OPENED","file":"/src/main/java/me/alex/minesumo/utils/MojangUtils.java","tags":{"FILE_LINE_OF_CODE":"54"}}
{"ts":1673621715611,"action":"FILE_CLOSED","file":"/src/main/java/me/alex/minesumo/utils/MojangUtils.java","tags":{"FILE_LINE_OF_CODE":"54"}}
{"ts":1673621715611,"action":"FILE_OPENED","file":"/src/main/java/me/alex/minesumo/utils/MinesumoUtils.java","tags":{"FILE_LINE_OF_CODE":"35"}}
{"ts":1673621730313,"action":"FILE_CLOSED","file":"/src/main/java/me/alex/minesumo/utils/MinesumoUtils.java","tags":{"FILE_LINE_OF_CODE":"35"}}
{"ts":1673621730313,"action":"FILE_OPENED","file":"/src/main/java/me/alex/minesumo/utils/MojangUtils.java","tags":{"FILE_LINE_OF_CODE":"54"}}
{"ts":1673621756688,"action":"FILE_CLOSED","file":"/src/main/java/me/alex/minesumo/utils/MojangUtils.java","tags":{"FILE_LINE_OF_CODE":"62"}}
{"ts":1673621756688,"action":"FILE_OPENED","file":"/src/main/java/me/alex/minesumo/utils/MinesumoUtils.java","tags":{"FILE_LINE_OF_CODE":"35"}}
{"ts":1673621762048,"action":"FILE_CLOSED","file":"/src/main/java/me/alex/minesumo/utils/MinesumoUtils.java","tags":{"FILE_LINE_OF_CODE":"35"}}
{"ts":1673621762048,"action":"FILE_OPENED","file":"/src/main/java/me/alex/minesumo/data/statistics/StatisticsManager.java","tags":{"FILE_LINE_OF_CODE":"140"}}
{"ts":1673621983069,"action":"FILE_CLOSED","file":"/src/main/java/me/alex/minesumo/data/statistics/StatisticsManager.java","tags":{"FILE_LINE_OF_CODE":"144"}}
{"ts":1673621983069,"action":"FILE_OPENED","file":"/src/main/java/me/alex/minesumo/utils/MojangUtils.java","tags":{"FILE_LINE_OF_CODE":"62"}}
{"ts":1673622249984,"action":"FILE_CLOSED","file":"/src/main/java/me/alex/minesumo/utils/MojangUtils.java","tags":{"FILE_LINE_OF_CODE":"62"}}
{"ts":1673622249984,"action":"FILE_OPENED","file":"/src/main/java/me/alex/minesumo/Main.java","tags":{"FILE_LINE_OF_CODE":"11"}}
{"ts":1673622352452,"action":"FILE_CLOSED","file":"/src/main/java/me/alex/minesumo/Main.java","tags":{"FILE_LINE_OF_CODE":"11"}}
{"ts":1673622352452,"action":"FILE_OPENED","file":"/src/main/java/me/alex/minesumo/utils/MinesumoUtils.java","tags":{"FILE_LINE_OF_CODE":"35"}}
{"ts":1673622361062,"action":"FILE_CLOSED","file":"/src/main/java/me/alex/minesumo/utils/MinesumoUtils.java","tags":{"FILE_LINE_OF_CODE":"35"}}
{"ts":1673622361062,"action":"FILE_OPENED","file":"/src/main/java/me/alex/minesumo/utils/MojangUtils.java","tags":{"FILE_LINE_OF_CODE":"62"}}
{"ts":1673622379445,"action":"FILE_CLOSED","file":"/src/main/java/me/alex/minesumo/utils/MojangUtils.java","tags":{"FILE_LINE_OF_CODE":"62"}}
{"ts":1673622379445,"action":"FILE_OPENED","file":"/src/main/java/me/alex/minesumo/utils/MinesumoUtils.java","tags":{"FILE_LINE_OF_CODE":"35"}}
{"ts":1673622395387,"action":"FILE_CLOSED","file":"/src/main/java/me/alex/minesumo/utils/MinesumoUtils.java","tags":{"FILE_LINE_OF_CODE":"35"}}
{"ts":1673622395387,"action":"FILE_OPENED","file":"/src/main/java/me/alex/minesumo/data/database/PlayerStatisiticsDBHandler.java","tags":{"FILE_LINE_OF_CODE":"132"}}
{"ts":1673622422232,"action":"FILE_CLOSED","file":"/src/main/java/me/alex/minesumo/data/database/PlayerStatisiticsDBHandler.java","tags":{"FILE_LINE_OF_CODE":"132"}}
{"ts":1673622422232,"action":"FILE_OPENED","file":"/src/main/java/me/alex/minesumo/data/statistics/StatisticsManager.java","tags":{"FILE_LINE_OF_CODE":"144"}}
{"ts":1673623345665,"action":"FILE_CLOSED","file":"/src/main/java/me/alex/minesumo/data/statistics/StatisticsManager.java","tags":{"FILE_LINE_OF_CODE":"144"}}
{"ts":1673623345665,"action":"FILE_OPENED","file":"/src/main/java/me/alex/minesumo/data/database/PlayerStatisiticsDBHandler.java","tags":{"FILE_LINE_OF_CODE":"132"}}
{"ts":1673623352290,"action":"FILE_CLOSED","file":"/src/main/java/me/alex/minesumo/data/database/PlayerStatisiticsDBHandler.java","tags":{"FILE_LINE_OF_CODE":"132"}}
{"ts":1673623352290,"action":"FILE_OPENED","file":"/src/main/java/me/alex/minesumo/data/statistics/StatisticsManager.java","tags":{"FILE_LINE_OF_CODE":"144"}}
{"ts":1673623510689,"action":"IDE_DEACTIVATED"}
{"ts":1673623557722,"action":"IDE_ACTIVATED"}
{"ts":1673623957807,"action":"IDE_DEACTIVATED"}
{"ts":1673623976761,"action":"IDE_ACTIVATED"}
{"ts":1673624060600,"action":"IDE_DEACTIVATED"}
{"ts":1673628946151,"action":"IDE_ACTIVATED"}
{"ts":1673629183608,"action":"IDE_DEACTIVATED"}
{"ts":1673629512272,"action":"IDE_ACTIVATED"}
{"ts":1673629512399,"action":"IDE_DEACTIVATED"}
{"ts":1673629683306,"action":"IDE_ACTIVATED"}
{"ts":1673629791565,"action":"IDE_DEACTIVATED"}
{"ts":1673632125764,"action":"IDE_ACTIVATED"}
{"ts":1673632538937,"action":"FILE_CLOSED","file":"/src/main/java/me/alex/minesumo/data/statistics/StatisticsManager.java","tags":{"FILE_LINE_OF_CODE":"145"}}
{"ts":1673632538937,"action":"FILE_OPENED","file":"/src/main/java/me/alex/minesumo/data/statistics/ArenaStatistics.java","tags":{"FILE_LINE_OF_CODE":"52"}}
{"ts":1673632601852,"action":"IDE_DEACTIVATED"}
{"ts":1673633223771,"action":"IDE_ACTIVATED"}
{"ts":1673633229023,"action":"FILE_CLOSED","file":"/src/main/java/me/alex/minesumo/data/statistics/ArenaStatistics.java","tags":{"FILE_LINE_OF_CODE":"52"}}
{"ts":1673633229023,"action":"FILE_OPENED","file":"/src/main/java/me/alex/minesumo/Main.java","tags":{"FILE_LINE_OF_CODE":"11"}}
{"ts":1673633230416,"action":"FILE_CLOSED","file":"/src/main/java/me/alex/minesumo/Main.java","tags":{"FILE_LINE_OF_CODE":"11"}}
{"ts":1673633230416,"action":"FILE_OPENED","file":"/src/main/java/me/alex/minesumo/utils/MojangUtils.java","tags":{"FILE_LINE_OF_CODE":"62"}}
{"ts":1673633245208,"action":"IDE_DEACTIVATED"}
{"ts":1673633650444,"action":"IDE_ACTIVATED"}
{"ts":1673633654232,"action":"FILE_CLOSED","file":"/src/main/java/me/alex/minesumo/utils/MojangUtils.java","tags":{"FILE_LINE_OF_CODE":"62"}}
{"ts":1673633654232,"action":"FILE_OPENED","file":"/src/main/resources/languages_de_DE.properties","tags":{"FILE_LINE_OF_CODE":"29"}}
{"ts":1673634286277,"action":"FILE_CLOSED","file":"/src/main/resources/languages_de_DE.properties","tags":{"FILE_LINE_OF_CODE":"30"}}
{"ts":1673634286277,"action":"FILE_OPENED","file":"/src/main/java/me/alex/minesumo/data/statistics/StatisticsManager.java","tags":{"FILE_LINE_OF_CODE":"145"}}
{"ts":1673634383404,"action":"FILE_CLOSED","file":"/src/main/java/me/alex/minesumo/data/statistics/StatisticsManager.java","tags":{"FILE_LINE_OF_CODE":"145"}}
{"ts":1673634383404,"action":"FILE_OPENED","file":"/src/main/resources/languages_en_US.properties","tags":{"FILE_LINE_OF_CODE":"24"}}
{"ts":1673634384183,"action":"FILE_CLOSED","file":"/src/main/resources/languages_en_US.properties","tags":{"FILE_LINE_OF_CODE":"24"}}
{"ts":1673634384183,"action":"FILE_OPENED","file":"/src/main/resources/languages_de_DE.properties","tags":{"FILE_LINE_OF_CODE":"30"}}
{"ts":1673634477688,"action":"FILE_CLOSED","file":"/src/main/resources/languages_de_DE.properties","tags":{"FILE_LINE_OF_CODE":"30"}}
{"ts":1673634477782,"action":"PROJECT_CLOSED","tags":{"PROJECT_NAME":"Minesumo"}}
{"ts":1673696489763,"action":"FILE_OPENED","file":"/src/main/java/me/alex/minesumo/commands/Stats.java","tags":{"FILE_LINE_OF_CODE":"52"}}
{"ts":1673696493078,"action":"PROJECT_OPENED","tags":{"PROJECT_NAME":"Minesumo"}}
{"ts":1673697601312,"action":"FILE_CLOSED","file":"/src/main/java/me/alex/minesumo/commands/Stats.java","tags":{"FILE_LINE_OF_CODE":"52"}}
{"ts":1673697601312,"action":"FILE_OPENED","file":"/src/main/resources/languages_de_DE.properties","tags":{"FILE_LINE_OF_CODE":"30"}}
{"ts":1673697619212,"action":"FILE_CLOSED","file":"/src/main/resources/languages_de_DE.properties","tags":{"FILE_LINE_OF_CODE":"30"}}
{"ts":1673697619212,"action":"FILE_OPENED","file":"/src/main/java/me/alex/minesumo/messages/Messages.java","tags":{"FILE_LINE_OF_CODE":"50"}}
{"ts":1673697626580,"action":"FILE_CLOSED","file":"/src/main/java/me/alex/minesumo/messages/Messages.java","tags":{"FILE_LINE_OF_CODE":"50"}}
{"ts":1673697626580,"action":"FILE_OPENED","file":"/src/main/java/me/alex/minesumo/messages/HeadChat.java","tags":{"FILE_LINE_OF_CODE":"83"}}
{"ts":1673697676161,"action":"FILE_CLOSED","file":"/src/main/java/me/alex/minesumo/messages/HeadChat.java","tags":{"FILE_LINE_OF_CODE":"83"}}
{"ts":1673697676161,"action":"FILE_OPENED","file":"/src/main/java/me/alex/minesumo/messages/Messages.java","tags":{"FILE_LINE_OF_CODE":"50"}}
{"ts":1673697723702,"action":"FILE_CLOSED","file":"/src/main/java/me/alex/minesumo/messages/Messages.java","tags":{"FILE_LINE_OF_CODE":"51"}}
{"ts":1673697723702,"action":"FILE_OPENED","file":"/src/main/java/me/alex/minesumo/messages/HeadChat.java","tags":{"FILE_LINE_OF_CODE":"83"}}
{"ts":1673697734979,"action":"FILE_CLOSED","file":"/src/main/java/me/alex/minesumo/messages/HeadChat.java","tags":{"FILE_LINE_OF_CODE":"83"}}
{"ts":1673697747151,"action":"FILE_OPENED","file":"/src/main/java/me/alex/minesumo/messages/HeadChat.java","tags":{"FILE_LINE_OF_CODE":"83"}}
{"ts":1673697748175,"action":"IDE_DEACTIVATED"}
{"ts":1673697757591,"action":"IDE_ACTIVATED"}
{"ts":1673697822981,"action":"IDE_DEACTIVATED"}
{"ts":1673697836247,"action":"IDE_ACTIVATED"}
{"ts":1673697892464,"action":"FILE_CLOSED","file":"/src/main/java/me/alex/minesumo/messages/HeadChat.java","tags":{"FILE_LINE_OF_CODE":"83"}}
{"ts":1673697892464,"action":"FILE_OPENED","file":"/src/main/java/me/alex/minesumo/Main.java","tags":{"FILE_LINE_OF_CODE":"11"}}
{"ts":1673698004384,"action":"IDE_DEACTIVATED"}
{"ts":1673698135347,"action":"IDE_ACTIVATED"}
{"ts":1673698156853,"action":"FILE_CLOSED","file":"/src/main/java/me/alex/minesumo/Main.java","tags":{"FILE_LINE_OF_CODE":"22"}}
{"ts":1673698156853,"action":"FILE_OPENED","file":"/src/main/java/me/alex/minesumo/data/statistics/StatisticsManager.java","tags":{"FILE_LINE_OF_CODE":"145"}}
{"ts":1673698181329,"action":"IDE_DEACTIVATED"}
{"ts":1673698287238,"action":"IDE_ACTIVATED"}
{"ts":1673698450505,"action":"FILE_CLOSED","file":"/src/main/java/me/alex/minesumo/data/statistics/StatisticsManager.java","tags":{"FILE_LINE_OF_CODE":"145"}}
{"ts":1673698450505,"action":"FILE_OPENED","file":"/src/main/java/me/alex/minesumo/data/statistics/PlayerStatistics.java","tags":{"FILE_LINE_OF_CODE":"29"}}
{"ts":1673698550033,"action":"FILE_CLOSED","file":"/src/main/java/me/alex/minesumo/data/statistics/PlayerStatistics.java","tags":{"FILE_LINE_OF_CODE":"32"}}
{"ts":1673698550033,"action":"FILE_OPENED","file":"/src/main/java/me/alex/minesumo/data/database/PlayerStatisiticsDBHandler.java","tags":{"FILE_LINE_OF_CODE":"132"}}
{"ts":1673698565147,"action":"FILE_CLOSED","file":"/src/main/java/me/alex/minesumo/data/database/PlayerStatisiticsDBHandler.java","tags":{"FILE_LINE_OF_CODE":"132"}}
{"ts":1673698565147,"action":"FILE_OPENED","file":"/src/main/java/me/alex/minesumo/data/statistics/PlayerStatistics.java","tags":{"FILE_LINE_OF_CODE":"32"}}
{"ts":1673698583890,"action":"FILE_CLOSED","file":"/src/main/java/me/alex/minesumo/data/statistics/PlayerStatistics.java","tags":{"FILE_LINE_OF_CODE":"33"}}
{"ts":1673698583890,"action":"FILE_OPENED","file":"/src/main/java/me/alex/minesumo/data/database/PlayerStatisiticsDBHandler.java","tags":{"FILE_LINE_OF_CODE":"132"}}
{"ts":1673698682738,"action":"FILE_CLOSED","file":"/src/main/java/me/alex/minesumo/data/database/PlayerStatisiticsDBHandler.java","tags":{"FILE_LINE_OF_CODE":"132"}}
{"ts":1673698682738,"action":"FILE_OPENED","file":"/src/main/java/me/alex/minesumo/data/statistics/PlayerStatistics.java","tags":{"FILE_LINE_OF_CODE":"33"}}
{"ts":1673698699834,"action":"FILE_CLOSED","file":"/src/main/java/me/alex/minesumo/data/statistics/PlayerStatistics.java","tags":{"FILE_LINE_OF_CODE":"33"}}
{"ts":1673698699834,"action":"FILE_OPENED","file":"/src/main/java/me/alex/minesumo/data/database/PlayerStatisiticsDBHandler.java","tags":{"FILE_LINE_OF_CODE":"132"}}
{"ts":1673698976921,"action":"FILE_CLOSED","file":"/src/main/java/me/alex/minesumo/data/database/PlayerStatisiticsDBHandler.java","tags":{"FILE_LINE_OF_CODE":"145"}}
{"ts":1673698976921,"action":"FILE_OPENED","file":"/src/main/java/me/alex/minesumo/data/statistics/StatisticsManager.java","tags":{"FILE_LINE_OF_CODE":"145"}}
{"ts":1673699647202,"action":"FILE_CLOSED","file":"/src/main/java/me/alex/minesumo/data/statistics/StatisticsManager.java","tags":{"FILE_LINE_OF_CODE":"128"}}
{"ts":1673699647202,"action":"FILE_OPENED","file":"/src/main/java/me/alex/minesumo/data/database/PlayerStatisiticsDBHandler.java","tags":{"FILE_LINE_OF_CODE":"145"}}
{"ts":1673699840408,"action":"FILE_CLOSED","file":"/src/main/java/me/alex/minesumo/data/database/PlayerStatisiticsDBHandler.java","tags":{"FILE_LINE_OF_CODE":"159"}}
{"ts":1673699840408,"action":"FILE_OPENED","file":"/src/main/java/me/alex/minesumo/data/statistics/StatisticsManager.java","tags":{"FILE_LINE_OF_CODE":"128"}}
{"ts":1673700356817,"action":"FILE_CLOSED","file":"/src/main/java/me/alex/minesumo/data/statistics/StatisticsManager.java","tags":{"FILE_LINE_OF_CODE":"136"}}
{"ts":1673700356817,"action":"FILE_OPENED","file":"/src/main/java/me/alex/minesumo/utils/ListUtils.java","tags":{"FILE_LINE_OF_CODE":"40"}}
{"ts":1673700378563,"action":"FILE_CLOSED","file":"/src/main/java/me/alex/minesumo/utils/ListUtils.java","tags":{"FILE_LINE_OF_CODE":"40"}}
{"ts":1673700378563,"action":"FILE_OPENED","file":"/src/main/java/me/alex/minesumo/Minesumo.java","tags":{"FILE_LINE_OF_CODE":"145"}}
{"ts":1673700423820,"action":"FILE_CLOSED","file":"/src/main/java/me/alex/minesumo/Minesumo.java","tags":{"FILE_LINE_OF_CODE":"145"}}
{"ts":1673700475510,"action":"FILE_OPENED","file":"/src/main/java/me/alex/minesumo/Minesumo.java","tags":{"FILE_LINE_OF_CODE":"145"}}
{"ts":1673700518238,"action":"FILE_CLOSED","file":"/src/main/java/me/alex/minesumo/Minesumo.java","tags":{"FILE_LINE_OF_CODE":"145"}}
{"ts":1673700518238,"action":"FILE_OPENED","file":"/src/main/java/me/alex/minesumo/statistics/ArenaStatistics.java","tags":{"FILE_LINE_OF_CODE":"52"}}
{"ts":1673700629323,"action":"FILE_CLOSED","file":"/src/main/java/me/alex/minesumo/data/statistics/ArenaStatistics.java","tags":{"FILE_LINE_OF_CODE":"52"}}
{"ts":1673700629323,"action":"FILE_OPENED","file":"/src/main/java/me/alex/minesumo/data/statistics/StatisticsManager.java","tags":{"FILE_LINE_OF_CODE":"136"}}
{"ts":1673700669564,"action":"FILE_CLOSED","file":"/src/main/java/me/alex/minesumo/data/statistics/StatisticsManager.java","tags":{"FILE_LINE_OF_CODE":"136"}}
{"ts":1673700669564,"action":"FILE_OPENED","file":"/src/main/java/me/alex/minesumo/data/statistics/StatisticFormatter.java","tags":{"FILE_LINE_OF_CODE":"3"}}
{"ts":1673700675082,"action":"FILE_CLOSED","file":"/src/main/java/me/alex/minesumo/data/statistics/StatisticFormatter.java","tags":{"FILE_LINE_OF_CODE":"5"}}
{"ts":1673700675082,"action":"FILE_OPENED","file":"/src/main/java/me/alex/minesumo/data/statistics/StatisticsManager.java","tags":{"FILE_LINE_OF_CODE":"136"}}
{"ts":1673700697559,"action":"FILE_CLOSED","file":"/src/main/java/me/alex/minesumo/data/statistics/StatisticsManager.java","tags":{"FILE_LINE_OF_CODE":"73"}}
{"ts":1673700697559,"action":"FILE_OPENED","file":"/src/main/java/me/alex/minesumo/data/statistics/StatisticFormatter.java","tags":{"FILE_LINE_OF_CODE":"5"}}
{"ts":1673700913364,"action":"FILE_CLOSED","file":"/src/main/java/me/alex/minesumo/data/statistics/StatisticFormatter.java","tags":{"FILE_LINE_OF_CODE":"85"}}
{"ts":1673700913364,"action":"FILE_OPENED","file":"/src/main/java/me/alex/minesumo/commands/StatsCMD.java","tags":{"FILE_LINE_OF_CODE":"46"}}
{"ts":1673700933447,"action":"FILE_CLOSED","file":"/src/main/java/me/alex/minesumo/commands/StatsCMD.java","tags":{"FILE_LINE_OF_CODE":"47"}}
{"ts":1673700933447,"action":"FILE_OPENED","file":"/src/main/java/me/alex/minesumo/Minesumo.java","tags":{"FILE_LINE_OF_CODE":"145"}}
{"ts":1673700984433,"action":"FILE_CLOSED","file":"/src/main/java/me/alex/minesumo/Minesumo.java","tags":{"FILE_LINE_OF_CODE":"148"}}
{"ts":1673700984433,"action":"FILE_OPENED","file":"/src/main/java/me/alex/minesumo/data/statistics/StatisticFormatter.java","tags":{"FILE_LINE_OF_CODE":"85"}}
{"ts":1673700999429,"action":"FILE_CLOSED","file":"/src/main/java/me/alex/minesumo/data/statistics/StatisticFormatter.java","tags":{"FILE_LINE_OF_CODE":"86"}}
{"ts":1673700999429,"action":"FILE_OPENED","file":"/src/main/java/me/alex/minesumo/Minesumo.java","tags":{"FILE_LINE_OF_CODE":"148"}}
{"ts":1673701049138,"action":"FILE_CLOSED","file":"/src/main/java/me/alex/minesumo/Minesumo.java","tags":{"FILE_LINE_OF_CODE":"152"}}
{"ts":1673701049138,"action":"FILE_OPENED","file":"/src/main/java/me/alex/minesumo/commands/StatsCMD.java","tags":{"FILE_LINE_OF_CODE":"47"}}
{"ts":1673701835142,"action":"FILE_CLOSED","file":"/src/main/java/me/alex/minesumo/commands/StatsCMD.java","tags":{"FILE_LINE_OF_CODE":"49"}}
{"ts":1673701947595,"action":"FILE_OPENED","file":"/src/main/java/me/alex/minesumo/commands/StatsCMD.java","tags":{"FILE_LINE_OF_CODE":"49"}}
{"ts":1673702024353,"action":"IDE_DEACTIVATED"}
{"ts":1673702297222,"action":"IDE_ACTIVATED"}
{"ts":1673702482934,"action":"FILE_CLOSED","file":"/src/main/java/me/alex/minesumo/commands/StatsCMD.java","tags":{"FILE_LINE_OF_CODE":"49"}}
{"ts":1673702482934,"action":"FILE_OPENED","file":"/src/main/java/me/alex/minesumo/data/statistics/StatisticFormatter.java","tags":{"FILE_LINE_OF_CODE":"86"}}
{"ts":1673702689889,"action":"IDE_DEACTIVATED"}
{"ts":1673703830296,"action":"IDE_ACTIVATED"}
{"ts":1673703840997,"action":"FILE_CLOSED","file":"/src/main/java/me/alex/minesumo/data/statistics/StatisticFormatter.java","tags":{"FILE_LINE_OF_CODE":"94"}}
{"ts":1673703840997,"action":"FILE_OPENED","file":"/src/main/java/me/alex/minesumo/Main.java","tags":{"FILE_LINE_OF_CODE":"22"}}
{"ts":1673703867601,"action":"IDE_DEACTIVATED"}
{"ts":1673704055331,"action":"IDE_ACTIVATED"}
{"ts":1673704068957,"action":"FILE_CLOSED","file":"/src/main/java/me/alex/minesumo/Main.java","tags":{"FILE_LINE_OF_CODE":"31"}}
{"ts":1673704096868,"action":"FILE_OPENED","file":"/src/main/java/me/alex/minesumo/Main.java","tags":{"FILE_LINE_OF_CODE":"31"}}
{"ts":1673704098050,"action":"IDE_DEACTIVATED"}
{"ts":1673704195279,"action":"IDE_ACTIVATED"}
{"ts":1673704230215,"action":"FILE_CLOSED","file":"/src/main/java/me/alex/minesumo/Main.java","tags":{"FILE_LINE_OF_CODE":"24"}}
{"ts":1673704230215,"action":"FILE_OPENED","file":"/src/main/java/me/alex/minesumo/instances/ArenaImpl.java","tags":{"FILE_LINE_OF_CODE":"375"}}
{"ts":1673704247315,"action":"FILE_CLOSED","file":"/src/main/java/me/alex/minesumo/instances/ArenaImpl.java","tags":{"FILE_LINE_OF_CODE":"374"}}
{"ts":1673704247315,"action":"FILE_OPENED","file":"/src/main/java/me/alex/minesumo/Main.java","tags":{"FILE_LINE_OF_CODE":"16"}}
{"ts":1673704307037,"action":"IDE_DEACTIVATED"}
{"ts":1673704351435,"action":"IDE_ACTIVATED"}
{"ts":1673704361470,"action":"FILE_CLOSED","file":"/src/main/java/me/alex/minesumo/Main.java","tags":{"FILE_LINE_OF_CODE":"16"}}
{"ts":1673704361470,"action":"FILE_OPENED","file":"/src/main/resources/languages_de_DE.properties","tags":{"FILE_LINE_OF_CODE":"30"}}
{"ts":1673704421685,"action":"IDE_DEACTIVATED"}
{"ts":1673704583921,"action":"IDE_ACTIVATED"}
{"ts":1673704592805,"action":"FILE_CLOSED","file":"/src/main/resources/languages_de_DE.properties","tags":{"FILE_LINE_OF_CODE":"30"}}
{"ts":1673704592805,"action":"FILE_OPENED","file":"/src/main/java/me/alex/minesumo/utils/TimeUtils.java","tags":{"FILE_LINE_OF_CODE":"3"}}
{"ts":1673704655228,"action":"FILE_CLOSED","file":"/src/main/java/me/alex/minesumo/utils/TimeUtils.java","tags":{"FILE_LINE_OF_CODE":"16"}}
{"ts":1673704655228,"action":"FILE_OPENED","file":"/src/main/java/me/alex/minesumo/Main.java","tags":{"FILE_LINE_OF_CODE":"16"}}
{"ts":1673704741654,"action":"FILE_CLOSED","file":"/src/main/java/me/alex/minesumo/Main.java","tags":{"FILE_LINE_OF_CODE":"16"}}
{"ts":1673704741654,"action":"FILE_OPENED","file":"/src/main/java/me/alex/minesumo/utils/TimeUtils.java","tags":{"FILE_LINE_OF_CODE":"16"}}
{"ts":1673704790677,"action":"IDE_DEACTIVATED"}
{"ts":1673704798346,"action":"IDE_ACTIVATED"}
{"ts":1673704940265,"action":"FILE_CLOSED","file":"/src/main/java/me/alex/minesumo/utils/TimeUtils.java","tags":{"FILE_LINE_OF_CODE":"24"}}
{"ts":1673704940265,"action":"FILE_OPENED","file":"/src/main/java/me/alex/minesumo/Main.java","tags":{"FILE_LINE_OF_CODE":"16"}}
{"ts":1673705301128,"action":"FILE_CLOSED","file":"/src/main/java/me/alex/minesumo/Main.java","tags":{"FILE_LINE_OF_CODE":"17"}}
{"ts":1673705301128,"action":"FILE_OPENED","file":"/src/main/java/me/alex/minesumo/data/statistics/StatisticFormatter.java","tags":{"FILE_LINE_OF_CODE":"93"}}
{"ts":1673705328290,"action":"FILE_CLOSED","file":"/src/main/java/me/alex/minesumo/data/statistics/StatisticFormatter.java","tags":{"FILE_LINE_OF_CODE":"94"}}
{"ts":1673705328290,"action":"FILE_OPENED","file":"/src/main/java/me/alex/minesumo/listener/GlobalEventListener.java","tags":{"FILE_LINE_OF_CODE":"164"}}
{"ts":1673705393924,"action":"FILE_CLOSED","file":"/src/main/java/me/alex/minesumo/listener/GlobalEventListener.java","tags":{"FILE_LINE_OF_CODE":"164"}}
{"ts":1673705393924,"action":"FILE_OPENED","file":"/src/main/java/me/alex/minesumo/utils/ListUtils.java","tags":{"FILE_LINE_OF_CODE":"40"}}
{"ts":1673705534274,"action":"FILE_CLOSED","file":"/src/main/java/me/alex/minesumo/utils/ListUtils.java","tags":{"FILE_LINE_OF_CODE":"51"}}
{"ts":1673705534274,"action":"FILE_OPENED","file":"/src/main/java/me/alex/minesumo/listener/GlobalEventListener.java","tags":{"FILE_LINE_OF_CODE":"164"}}
{"ts":1673705636496,"action":"FILE_CLOSED","file":"/src/main/java/me/alex/minesumo/listener/GlobalEventListener.java","tags":{"FILE_LINE_OF_CODE":"162"}}
{"ts":1673705636496,"action":"FILE_OPENED","file":"/src/main/java/me/alex/minesumo/data/statistics/StatisticFormatter.java","tags":{"FILE_LINE_OF_CODE":"94"}}
{"ts":1673705741372,"action":"FILE_CLOSED","file":"/src/main/java/me/alex/minesumo/data/statistics/StatisticFormatter.java","tags":{"FILE_LINE_OF_CODE":"96"}}
{"ts":1673705741372,"action":"FILE_OPENED","file":"/src/main/java/me/alex/minesumo/data/database/StatisticDB.java","tags":{"FILE_LINE_OF_CODE":"157"}}
{"ts":1673705943308,"action":"IDE_DEACTIVATED"}
{"ts":1673705971695,"action":"IDE_ACTIVATED"}
{"ts":1673706341535,"action":"FILE_CLOSED","file":"/src/main/java/me/alex/minesumo/data/database/StatisticDB.java","tags":{"FILE_LINE_OF_CODE":"175"}}
{"ts":1673706341535,"action":"FILE_OPENED","file":"/src/main/java/me/alex/minesumo/data/statistics/StatisticFormatter.java","tags":{"FILE_LINE_OF_CODE":"96"}}
{"ts":1673707347129,"action":"FILE_CLOSED","file":"/src/main/java/me/alex/minesumo/data/statistics/StatisticFormatter.java","tags":{"FILE_LINE_OF_CODE":"119"}}
{"ts":1673707347129,"action":"FILE_OPENED","file":"/src/main/java/me/alex/minesumo/messages/Messages.java","tags":{"FILE_LINE_OF_CODE":"50"}}
{"ts":1673707355153,"action":"FILE_CLOSED","file":"/src/main/java/me/alex/minesumo/messages/Messages.java","tags":{"FILE_LINE_OF_CODE":"50"}}
{"ts":1673707355153,"action":"FILE_OPENED","file":"/src/main/java/me/alex/minesumo/data/statistics/StatisticFormatter.java","tags":{"FILE_LINE_OF_CODE":"119"}}
{"ts":1673707398907,"action":"FILE_CLOSED","file":"/src/main/java/me/alex/minesumo/data/statistics/StatisticFormatter.java","tags":{"FILE_LINE_OF_CODE":"123"}}
{"ts":1673707398907,"action":"FILE_OPENED","file":"/src/main/resources/languages_de_DE.properties","tags":{"FILE_LINE_OF_CODE":"30"}}
{"ts":1673707423604,"action":"FILE_CLOSED","file":"/src/main/resources/languages_de_DE.properties","tags":{"FILE_LINE_OF_CODE":"30"}}
{"ts":1673707423604,"action":"FILE_OPENED","file":"/src/main/java/me/alex/minesumo/data/statistics/StatisticFormatter.java","tags":{"FILE_LINE_OF_CODE":"123"}}
{"ts":1673707570514,"action":"FILE_CLOSED","file":"/src/main/java/me/alex/minesumo/data/statistics/StatisticFormatter.java","tags":{"FILE_LINE_OF_CODE":"130"}}
{"ts":1673707570514,"action":"FILE_OPENED","file":"/src/main/resources/languages_de_DE.properties","tags":{"FILE_LINE_OF_CODE":"30"}}
{"ts":1673707647515,"action":"IDE_DEACTIVATED"}
{"ts":1673708997092,"action":"IDE_ACTIVATED"}
{"ts":1673709000410,"action":"IDE_DEACTIVATED"}
{"ts":1673709014521,"action":"IDE_ACTIVATED"}
{"ts":1673709018951,"action":"IDE_DEACTIVATED"}
{"ts":1673709163021,"action":"IDE_ACTIVATED"}
{"ts":1673709335416,"action":"IDE_DEACTIVATED"}
{"ts":1673711673526,"action":"IDE_ACTIVATED"}
{"ts":1673711675324,"action":"IDE_DEACTIVATED"}
{"ts":1673719712475,"action":"IDE_ACTIVATED"}
{"ts":1673719718959,"action":"FILE_CLOSED","file":"/src/main/resources/languages_de_DE.properties","tags":{"FILE_LINE_OF_CODE":"31"}}
{"ts":1673719718959,"action":"FILE_OPENED","file":"/src/main/java/me/alex/minesumo/data/statistics/StatisticFormatter.java","tags":{"FILE_LINE_OF_CODE":"130"}}
{"ts":1673719782658,"action":"FILE_CLOSED","file":"/src/main/java/me/alex/minesumo/data/statistics/StatisticFormatter.java","tags":{"FILE_LINE_OF_CODE":"130"}}
{"ts":1673719782658,"action":"FILE_OPENED","file":"/src/main/resources/languages_de_DE.properties","tags":{"FILE_LINE_OF_CODE":"31"}}
{"ts":1673719791485,"action":"FILE_CLOSED","file":"/src/main/resources/languages_de_DE.properties","tags":{"FILE_LINE_OF_CODE":"31"}}
{"ts":1673719791485,"action":"FILE_OPENED","file":"/src/main/java/me/alex/minesumo/data/statistics/StatisticsManager.java","tags":{"FILE_LINE_OF_CODE":"67"}}
{"ts":1673719792214,"action":"FILE_CLOSED","file":"/src/main/java/me/alex/minesumo/data/statistics/StatisticsManager.java","tags":{"FILE_LINE_OF_CODE":"67"}}
{"ts":1673719792214,"action":"FILE_OPENED","file":"/src/main/java/me/alex/minesumo/data/statistics/StatisticFormatter.java","tags":{"FILE_LINE_OF_CODE":"130"}}
{"ts":1673720532351,"action":"IDE_DEACTIVATED"}
{"ts":1673720683705,"action":"IDE_ACTIVATED"}
{"ts":1673721121584,"action":"IDE_DEACTIVATED"}
{"ts":1673721133478,"action":"IDE_ACTIVATED"}
{"ts":1673721436728,"action":"FILE_CLOSED","file":"/src/main/java/me/alex/minesumo/data/statistics/StatisticFormatter.java","tags":{"FILE_LINE_OF_CODE":"140"}}
{"ts":1673721436728,"action":"FILE_OPENED","file":"/src/main/java/me/alex/minesumo/commands/StatsCMD.java","tags":{"FILE_LINE_OF_CODE":"49"}}
{"ts":1673721559293,"action":"IDE_DEACTIVATED"}
{"ts":1673721725357,"action":"IDE_ACTIVATED"}
{"ts":1673721729072,"action":"FILE_CLOSED","file":"/src/main/java/me/alex/minesumo/commands/StatsCMD.java","tags":{"FILE_LINE_OF_CODE":"49"}}
{"ts":1673721729072,"action":"FILE_OPENED","file":"/build.gradle","tags":{"FILE_LINE_OF_CODE":"43"}}
{"ts":1673721815427,"action":"FILE_CLOSED","file":"/build.gradle","tags":{"FILE_LINE_OF_CODE":"43"}}
{"ts":1673721815427,"action":"FILE_OPENED","file":"/src/main/java/me/alex/minesumo/Minesumo.java","tags":{"FILE_LINE_OF_CODE":"152"}}
{"ts":1673721948972,"action":"IDE_DEACTIVATED"}
{"ts":1673722853180,"action":"IDE_ACTIVATED"}
{"ts":1673722859423,"action":"FILE_CLOSED","file":"/src/main/java/me/alex/minesumo/Minesumo.java","tags":{"FILE_LINE_OF_CODE":"152"}}
{"ts":1673722859423,"action":"FILE_OPENED","file":"/src/main/java/me/alex/minesumo/data/statistics/StatisticFormatter.java","tags":{"FILE_LINE_OF_CODE":"140"}}
{"ts":1673722911558,"action":"FILE_CLOSED","file":"/src/main/java/me/alex/minesumo/data/statistics/StatisticFormatter.java","tags":{"FILE_LINE_OF_CODE":"140"}}
{"ts":1673722911558,"action":"FILE_OPENED","file":"/src/main/java/me/alex/minesumo/commands/StatsCMD.java","tags":{"FILE_LINE_OF_CODE":"49"}}
{"ts":1673722930230,"action":"FILE_CLOSED","file":"/src/main/java/me/alex/minesumo/commands/StatsCMD.java","tags":{"FILE_LINE_OF_CODE":"49"}}
{"ts":1673722930230,"action":"FILE_OPENED","file":"/src/main/java/me/alex/minesumo/data/statistics/StatisticFormatter.java","tags":{"FILE_LINE_OF_CODE":"140"}}
{"ts":1673722962836,"action":"FILE_CLOSED","file":"/src/main/java/me/alex/minesumo/data/statistics/StatisticFormatter.java","tags":{"FILE_LINE_OF_CODE":"140"}}
{"ts":1673722962836,"action":"FILE_OPENED","file":"/src/main/java/me/alex/minesumo/utils/TimeUtils.java","tags":{"FILE_LINE_OF_CODE":"24"}}
{"ts":1673722985992,"action":"IDE_DEACTIVATED"}
{"ts":1673722992615,"action":"IDE_ACTIVATED"}
{"ts":1673722997758,"action":"IDE_DEACTIVATED"}
{"ts":1673723012198,"action":"IDE_ACTIVATED"}
{"ts":1673723022084,"action":"FILE_CLOSED","file":"/src/main/java/me/alex/minesumo/utils/TimeUtils.java","tags":{"FILE_LINE_OF_CODE":"24"}}
{"ts":1673723022084,"action":"FILE_OPENED","file":"/src/main/java/me/alex/minesumo/data/statistics/StatisticFormatter.java","tags":{"FILE_LINE_OF_CODE":"140"}}
{"ts":1673723039272,"action":"IDE_DEACTIVATED"}
{"ts":1673723228081,"action":"IDE_ACTIVATED"}
{"ts":1673723240426,"action":"FILE_CLOSED","file":"/src/main/java/me/alex/minesumo/data/statistics/StatisticFormatter.java","tags":{"FILE_LINE_OF_CODE":"140"}}
{"ts":1673723240426,"action":"FILE_OPENED","file":"/src/main/java/me/alex/minesumo/instances/ArenaImpl.java","tags":{"FILE_LINE_OF_CODE":"374"}}
{"ts":1673723266203,"action":"IDE_DEACTIVATED"}
{"ts":1673723269351,"action":"IDE_ACTIVATED"}
{"ts":1673723270766,"action":"IDE_DEACTIVATED"}
{"ts":1673729826109,"action":"IDE_ACTIVATED"}
{"ts":1673729926506,"action":"FILE_CLOSED","file":"/src/main/java/me/alex/minesumo/instances/ArenaImpl.java","tags":{"FILE_LINE_OF_CODE":"372"}}
{"ts":1673729926506,"action":"FILE_OPENED","file":"/src/main/resources/languages_de_DE.properties","tags":{"FILE_LINE_OF_CODE":"31"}}
{"ts":1673729997808,"action":"FILE_CLOSED","file":"/src/main/resources/languages_de_DE.properties","tags":{"FILE_LINE_OF_CODE":"31"}}
{"ts":1673729997808,"action":"FILE_OPENED","file":"/src/main/resources/languages_en_US.properties","tags":{"FILE_LINE_OF_CODE":"24"}}
{"ts":1673730091244,"action":"FILE_CLOSED","file":"/src/main/resources/languages_en_US.properties","tags":{"FILE_LINE_OF_CODE":"28"}}
{"ts":1673730091244,"action":"FILE_OPENED","file":"/src/main/java/me/alex/minesumo/data/statistics/StatisticsManager.java","tags":{"FILE_LINE_OF_CODE":"67"}}
{"ts":1673730092146,"action":"FILE_CLOSED","file":"/src/main/java/me/alex/minesumo/data/statistics/StatisticsManager.java","tags":{"FILE_LINE_OF_CODE":"67"}}
{"ts":1673730092146,"action":"FILE_OPENED","file":"/src/main/java/me/alex/minesumo/data/statistics/StatisticFormatter.java","tags":{"FILE_LINE_OF_CODE":"140"}}
{"ts":1673730525862,"action":"FILE_CLOSED","file":"/src/main/java/me/alex/minesumo/data/statistics/StatisticFormatter.java","tags":{"FILE_LINE_OF_CODE":"138"}}
{"ts":1673730525862,"action":"FILE_OPENED","file":"/src/main/java/me/alex/minesumo/utils/TimeUtils.java","tags":{"FILE_LINE_OF_CODE":"24"}}
{"ts":1673730630482,"action":"FILE_CLOSED","file":"/src/main/java/me/alex/minesumo/utils/TimeUtils.java","tags":{"FILE_LINE_OF_CODE":"24"}}
{"ts":1673730630482,"action":"FILE_OPENED","file":"/src/main/java/me/alex/minesumo/instances/AbstractArena.java","tags":{"FILE_LINE_OF_CODE":"37"}}
{"ts":1673730655760,"action":"FILE_CLOSED","file":"/src/main/java/me/alex/minesumo/instances/AbstractArena.java","tags":{"FILE_LINE_OF_CODE":"37"}}
{"ts":1673730655760,"action":"FILE_OPENED","file":"/src/main/java/me/alex/minesumo/utils/MojangUtils.java","tags":{"FILE_LINE_OF_CODE":"61"}}
{"ts":1673730665960,"action":"FILE_CLOSED","file":"/src/main/java/me/alex/minesumo/utils/MojangUtils.java","tags":{"FILE_LINE_OF_CODE":"61"}}
{"ts":1673730665960,"action":"FILE_OPENED","file":"/src/main/java/me/alex/minesumo/utils/TimeUtils.java","tags":{"FILE_LINE_OF_CODE":"24"}}
{"ts":1673730671396,"action":"FILE_CLOSED","file":"/src/main/java/me/alex/minesumo/utils/TimeUtils.java","tags":{"FILE_LINE_OF_CODE":"24"}}
{"ts":1673730671396,"action":"FILE_OPENED","file":"/src/main/resources/languages_en_US.properties","tags":{"FILE_LINE_OF_CODE":"28"}}
{"ts":1673730810290,"action":"FILE_CLOSED","file":"/src/main/resources/languages_en_US.properties","tags":{"FILE_LINE_OF_CODE":"28"}}
{"ts":1673730810290,"action":"FILE_OPENED","file":"/src/main/java/me/alex/minesumo/data/statistics/StatisticFormatter.java","tags":{"FILE_LINE_OF_CODE":"138"}}
{"ts":1673730925397,"action":"IDE_DEACTIVATED"}
{"ts":1673731619302,"action":"IDE_ACTIVATED"}
{"ts":1673731675223,"action":"IDE_DEACTIVATED"}
{"ts":1673731762834,"action":"IDE_ACTIVATED"}
{"ts":1673731871612,"action":"IDE_DEACTIVATED"}
{"ts":1673732505145,"action":"IDE_ACTIVATED"}
{"ts":1673732573830,"action":"FILE_CLOSED","file":"/src/main/java/me/alex/minesumo/data/statistics/StatisticFormatter.java","tags":{"FILE_LINE_OF_CODE":"139"}}
{"ts":1673732573830,"action":"FILE_OPENED","file":"/src/main/resources/languages_de_DE.properties","tags":{"FILE_LINE_OF_CODE":"31"}}
{"ts":1673732588994,"action":"FILE_CLOSED","file":"/src/main/resources/languages_de_DE.properties","tags":{"FILE_LINE_OF_CODE":"31"}}
{"ts":1673732588994,"action":"FILE_OPENED","file":"/src/main/resources/languages_en_US.properties","tags":{"FILE_LINE_OF_CODE":"28"}}
{"ts":1673732640483,"action":"IDE_DEACTIVATED"}
{"ts":1673732878014,"action":"IDE_ACTIVATED"}
{"ts":1673732881347,"action":"FILE_CLOSED","file":"/src/main/resources/languages_en_US.properties","tags":{"FILE_LINE_OF_CODE":"28"}}
{"ts":1673732881347,"action":"FILE_OPENED","file":"/src/main/resources/languages_de_DE.properties","tags":{"FILE_LINE_OF_CODE":"31"}}
{"ts":1673732900825,"action":"IDE_DEACTIVATED"}
{"ts":1673732902171,"action":"IDE_ACTIVATED"}
{"ts":1673734070954,"action":"FILE_CLOSED","file":"/src/main/resources/languages_de_DE.properties","tags":{"FILE_LINE_OF_CODE":"31"}}
{"ts":1673734070954,"action":"FILE_OPENED","file":"/src/main/resources/languages_en_US.properties","tags":{"FILE_LINE_OF_CODE":"28"}}
{"ts":1673734078262,"action":"FILE_CLOSED","file":"/src/main/resources/languages_en_US.properties","tags":{"FILE_LINE_OF_CODE":"28"}}
{"ts":1673734078262,"action":"FILE_OPENED","file":"/src/main/java/me/alex/minesumo/commands/GameIdCMD.java","tags":{"FILE_LINE_OF_CODE":"34"}}
{"ts":1673734154370,"action":"FILE_CLOSED","file":"/src/main/java/me/alex/minesumo/commands/GameIdCMD.java","tags":{"FILE_LINE_OF_CODE":"37"}}
{"ts":1673734154370,"action":"FILE_OPENED","file":"/src/main/java/me/alex/minesumo/commands/ForceStartCMD.java","tags":{"FILE_LINE_OF_CODE":"57"}}
{"ts":1673734328151,"action":"FILE_CLOSED","file":"/src/main/java/me/alex/minesumo/commands/ForceStartCMD.java","tags":{"FILE_LINE_OF_CODE":"57"}}
{"ts":1673734328151,"action":"FILE_OPENED","file":"/src/main/java/me/alex/minesumo/instances/ArenaImpl.java","tags":{"FILE_LINE_OF_CODE":"372"}}
{"ts":1673734954285,"action":"FILE_CLOSED","file":"/src/main/java/me/alex/minesumo/instances/ArenaImpl.java","tags":{"FILE_LINE_OF_CODE":"372"}}
{"ts":1673734954285,"action":"FILE_OPENED","file":"/src/main/java/me/alex/minesumo/messages/HeadChat.java","tags":{"FILE_LINE_OF_CODE":"83"}}
{"ts":1673735133215,"action":"FILE_CLOSED","file":"/src/main/java/me/alex/minesumo/messages/HeadChat.java","tags":{"FILE_LINE_OF_CODE":"83"}}
{"ts":1673735133215,"action":"FILE_OPENED","file":"/src/main/java/me/alex/minesumo/data/database/StatisticDB.java","tags":{"FILE_LINE_OF_CODE":"178"}}
{"ts":1673736191751,"action":"FILE_CLOSED","file":"/src/main/java/me/alex/minesumo/data/database/StatisticDB.java","tags":{"FILE_LINE_OF_CODE":"180"}}
{"ts":1673736191751,"action":"FILE_OPENED","file":"/src/main/java/me/alex/minesumo/instances/ArenaImpl.java","tags":{"FILE_LINE_OF_CODE":"372"}}
{"ts":1673736228716,"action":"FILE_CLOSED","file":"/src/main/java/me/alex/minesumo/instances/ArenaImpl.java","tags":{"FILE_LINE_OF_CODE":"372"}}
{"ts":1673736228716,"action":"FILE_OPENED","file":"/src/main/java/me/alex/minesumo/tasks/RoundProcessTask.java","tags":{"FILE_LINE_OF_CODE":"69"}}
{"ts":1673736330818,"action":"FILE_CLOSED","file":"/src/main/java/me/alex/minesumo/tasks/RoundProcessTask.java","tags":{"FILE_LINE_OF_CODE":"70"}}
{"ts":1673736330965,"action":"PROJECT_CLOSED","tags":{"PROJECT_NAME":"Minesumo"}}
{"ts":1673780750833,"action":"FILE_OPENED","file":"/src/main/java/me/alex/minesumo/data/statistics/StatisticFormatter.java","tags":{"FILE_LINE_OF_CODE":"139"}}
{"ts":1673780754740,"action":"PROJECT_OPENED","tags":{"PROJECT_NAME":"Minesumo"}}
{"ts":1673780811517,"action":"FILE_CLOSED","file":"/src/main/java/me/alex/minesumo/data/statistics/StatisticFormatter.java","tags":{"FILE_LINE_OF_CODE":"139"}}
{"ts":1673780811517,"action":"FILE_OPENED","file":"/src/main/java/me/alex/minesumo/data/database/MongoDB.java","tags":{"FILE_LINE_OF_CODE":"33"}}
{"ts":1673781440370,"action":"FILE_CLOSED","file":"/src/main/java/me/alex/minesumo/data/database/MongoDB.java","tags":{"FILE_LINE_OF_CODE":"58"}}
{"ts":1673781440370,"action":"FILE_OPENED","file":"/src/main/java/me/alex/minesumo/Minesumo.java","tags":{"FILE_LINE_OF_CODE":"152"}}
{"ts":1673782769063,"action":"IDE_DEACTIVATED"}
{"ts":1673782829495,"action":"IDE_ACTIVATED"}
{"ts":1673782836067,"action":"IDE_DEACTIVATED"}
{"ts":1673782877709,"action":"IDE_ACTIVATED"}
{"ts":1673782887855,"action":"FILE_CLOSED","file":"/src/main/java/me/alex/minesumo/Minesumo.java","tags":{"FILE_LINE_OF_CODE":"146"}}
{"ts":1673782887855,"action":"FILE_OPENED","file":"/src/main/java/me/alex/minesumo/data/database/MongoDB.java","tags":{"FILE_LINE_OF_CODE":"58"}}
{"ts":1673783006232,"action":"IDE_DEACTIVATED"}
{"ts":1673783059980,"action":"IDE_ACTIVATED"}
{"ts":1673783195296,"action":"IDE_DEACTIVATED"}
{"ts":1673783233114,"action":"IDE_ACTIVATED"}
{"ts":1673783237475,"action":"FILE_CLOSED","file":"/src/main/java/me/alex/minesumo/data/database/MongoDB.java","tags":{"FILE_LINE_OF_CODE":"68"}}
{"ts":1673783237475,"action":"FILE_OPENED","file":"/build.gradle","tags":{"FILE_LINE_OF_CODE":"43"}}
{"ts":1673783312640,"action":"IDE_DEACTIVATED"}
{"ts":1673783318044,"action":"IDE_ACTIVATED"}
{"ts":1673783322796,"action":"FILE_CLOSED","file":"/build.gradle","tags":{"FILE_LINE_OF_CODE":"44"}}
{"ts":1673783322796,"action":"FILE_OPENED","file":"/src/main/java/me/alex/minesumo/data/database/MongoDB.java","tags":{"FILE_LINE_OF_CODE":"68"}}
{"ts":1673783359736,"action":"IDE_DEACTIVATED"}
{"ts":1673783377020,"action":"IDE_ACTIVATED"}
{"ts":1673783396208,"action":"IDE_DEACTIVATED"}
{"ts":1673783435438,"action":"IDE_ACTIVATED"}
{"ts":1673783446338,"action":"IDE_DEACTIVATED"}
{"ts":1673783465845,"action":"IDE_ACTIVATED"}
{"ts":1673783477318,"action":"IDE_DEACTIVATED"}
{"ts":1673783482297,"action":"IDE_ACTIVATED"}
{"ts":1673783515532,"action":"IDE_DEACTIVATED"}
{"ts":1673783559407,"action":"IDE_ACTIVATED"}
{"ts":1673783588094,"action":"FILE_CLOSED","file":"/src/main/java/me/alex/minesumo/data/database/MongoDB.java","tags":{"FILE_LINE_OF_CODE":"66"}}
{"ts":1673783588094,"action":"FILE_OPENED","file":"/src/main/java/me/alex/minesumo/Minesumo.java","tags":{"FILE_LINE_OF_CODE":"146"}}
{"ts":1673783619096,"action":"FILE_CLOSED","file":"/src/main/java/me/alex/minesumo/Minesumo.java","tags":{"FILE_LINE_OF_CODE":"147"}}
{"ts":1673783619096,"action":"FILE_OPENED","file":"/src/main/java/me/alex/minesumo/map/SchematicHandler.java","tags":{"FILE_LINE_OF_CODE":"130"}}
{"ts":1673783624534,"action":"FILE_CLOSED","file":"/src/main/java/me/alex/minesumo/map/SchematicHandler.java","tags":{"FILE_LINE_OF_CODE":"130"}}
{"ts":1673783624534,"action":"FILE_OPENED","file":"/src/main/java/me/alex/minesumo/Minesumo.java","tags":{"FILE_LINE_OF_CODE":"147"}}
{"ts":1673783630040,"action":"FILE_CLOSED","file":"/src/main/java/me/alex/minesumo/Minesumo.java","tags":{"FILE_LINE_OF_CODE":"147"}}
{"ts":1673783630040,"action":"FILE_OPENED","file":"/src/main/java/me/alex/minesumo/map/MapCreator.java","tags":{"FILE_LINE_OF_CODE":"102"}}
{"ts":1673783636998,"action":"FILE_CLOSED","file":"/src/main/java/me/alex/minesumo/map/MapCreator.java","tags":{"FILE_LINE_OF_CODE":"102"}}
{"ts":1673783636998,"action":"FILE_OPENED","file":"/src/main/java/me/alex/minesumo/Minesumo.java","tags":{"FILE_LINE_OF_CODE":"147"}}
{"ts":1673783663242,"action":"FILE_CLOSED","file":"/src/main/java/me/alex/minesumo/Minesumo.java","tags":{"FILE_LINE_OF_CODE":"147"}}
{"ts":1673783663242,"action":"FILE_OPENED","file":"/src/main/java/me/alex/minesumo/map/MapCreator.java","tags":{"FILE_LINE_OF_CODE":"102"}}
{"ts":1673784355620,"action":"FILE_CLOSED","file":"/src/main/java/me/alex/minesumo/map/MapCreator.java","tags":{"FILE_LINE_OF_CODE":"109"}}
{"ts":1673784355620,"action":"FILE_OPENED","file":"/src/main/java/me/alex/minesumo/utils/LegacyKnockbackSettings.java","tags":{"FILE_LINE_OF_CODE":"59"}}
{"ts":1673784409658,"action":"FILE_CLOSED","file":"/src/main/java/me/alex/minesumo/utils/LegacyKnockbackSettings.java","tags":{"FILE_LINE_OF_CODE":"59"}}
{"ts":1673784409658,"action":"FILE_OPENED","file":"/src/main/java/me/alex/minesumo/listener/GlobalEventListener.java","tags":{"FILE_LINE_OF_CODE":"161"}}
{"ts":1673785277808,"action":"IDE_DEACTIVATED"}
{"ts":1673785761111,"action":"IDE_ACTIVATED"}
{"ts":1673785764362,"action":"FILE_CLOSED","file":"/src/main/java/me/alex/minesumo/listener/GlobalEventListener.java","tags":{"FILE_LINE_OF_CODE":"165"}}
{"ts":1673785764362,"action":"FILE_OPENED","file":"/build.gradle","tags":{"FILE_LINE_OF_CODE":"44"}}
{"ts":1673785819830,"action":"FILE_CLOSED","file":"/build.gradle","tags":{"FILE_LINE_OF_CODE":"43"}}
{"ts":1673785819830,"action":"FILE_OPENED","file":"/src/main/java/me/alex/minesumo/Minesumo.java","tags":{"FILE_LINE_OF_CODE":"147"}}
{"ts":1673785828170,"action":"FILE_CLOSED","file":"/src/main/java/me/alex/minesumo/Minesumo.java","tags":{"FILE_LINE_OF_CODE":"147"}}
{"ts":1673785828170,"action":"FILE_OPENED","file":"/build.gradle","tags":{"FILE_LINE_OF_CODE":"43"}}
{"ts":1673785840419,"action":"IDE_DEACTIVATED"}
{"ts":1673786208429,"action":"IDE_ACTIVATED"}
{"ts":1673786226405,"action":"FILE_CLOSED","file":"/build.gradle","tags":{"FILE_LINE_OF_CODE":"41"}}
{"ts":1673786326973,"action":"FILE_OPENED","file":"/build.gradle","tags":{"FILE_LINE_OF_CODE":"41"}}
{"ts":1673786337936,"action":"FILE_CLOSED","file":"/build.gradle","tags":{"FILE_LINE_OF_CODE":"41"}}
{"ts":1673786337936,"action":"FILE_OPENED","file":"/src/main/java/me/alex/minesumo/data/database/MongoDB.java","tags":{"FILE_LINE_OF_CODE":"66"}}
{"ts":1673786339320,"action":"IDE_DEACTIVATED"}
{"ts":1673786360951,"action":"IDE_ACTIVATED"}
{"ts":1673786388155,"action":"FILE_CLOSED","file":"/src/main/java/me/alex/minesumo/data/database/MongoDB.java","tags":{"FILE_LINE_OF_CODE":"67"}}
{"ts":1673786393562,"action":"FILE_OPENED","file":"/src/main/java/me/alex/minesumo/data/database/MongoDB.java","tags":{"FILE_LINE_OF_CODE":"67"}}
{"ts":1673786412341,"action":"FILE_CLOSED","file":"/src/main/java/me/alex/minesumo/data/database/MongoDB.java","tags":{"FILE_LINE_OF_CODE":"70"}}
{"ts":1673786417730,"action":"FILE_OPENED","file":"/src/main/java/me/alex/minesumo/data/database/MongoDB.java","tags":{"FILE_LINE_OF_CODE":"70"}}
{"ts":1673786419448,"action":"FILE_CLOSED","file":"/src/main/java/me/alex/minesumo/data/database/MongoDB.java","tags":{"FILE_LINE_OF_CODE":"70"}}
{"ts":1673786427614,"action":"FILE_OPENED","file":"/src/main/java/me/alex/minesumo/data/database/MongoDB.java","tags":{"FILE_LINE_OF_CODE":"70"}}
{"ts":1673786596495,"action":"FILE_CLOSED","file":"/src/main/java/me/alex/minesumo/data/database/MongoDB.java","tags":{"FILE_LINE_OF_CODE":"70"}}
{"ts":1673786616126,"action":"FILE_OPENED","file":"/src/main/java/me/alex/minesumo/data/database/MongoDB.java","tags":{"FILE_LINE_OF_CODE":"70"}}
{"ts":1673786739363,"action":"IDE_DEACTIVATED"}
{"ts":1673786957258,"action":"IDE_ACTIVATED"}
{"ts":1673787008284,"action":"IDE_DEACTIVATED"}
{"ts":1673787015850,"action":"IDE_ACTIVATED"}
{"ts":1673787017725,"action":"IDE_DEACTIVATED"}
{"ts":1673787195808,"action":"IDE_ACTIVATED"}
{"ts":1673787489924,"action":"IDE_DEACTIVATED"}
{"ts":1673787557758,"action":"IDE_ACTIVATED"}
{"ts":1673787558592,"action":"IDE_DEACTIVATED"}
{"ts":1673787931892,"action":"IDE_ACTIVATED"}
{"ts":1673787950426,"action":"FILE_CLOSED","file":"/src/main/java/me/alex/minesumo/data/database/MongoDB.java","tags":{"FILE_LINE_OF_CODE":"71"}}
{"ts":1673787950426,"action":"FILE_OPENED","file":"/src/main/resources/logging.properties","tags":{"FILE_LINE_OF_CODE":"0"}}
{"ts":1673787959793,"action":"IDE_DEACTIVATED"}
{"ts":1673788031925,"action":"IDE_ACTIVATED"}
{"ts":1673788043831,"action":"FILE_CLOSED","file":"/src/main/resources/logging.properties","tags":{"FILE_LINE_OF_CODE":"1"}}
{"ts":1673788043831,"action":"FILE_OPENED","file":"/src/main/java/me/alex/minesumo/data/statistics/StatisticsManager.java","tags":{"FILE_LINE_OF_CODE":"67"}}
{"ts":1673788046284,"action":"FILE_CLOSED","file":"/src/main/java/me/alex/minesumo/data/statistics/StatisticsManager.java","tags":{"FILE_LINE_OF_CODE":"67"}}
{"ts":1673788046284,"action":"FILE_OPENED","file":"/src/main/java/me/alex/minesumo/data/database/MongoDB.java","tags":{"FILE_LINE_OF_CODE":"71"}}
{"ts":1673788050997,"action":"IDE_DEACTIVATED"}
{"ts":1673788173093,"action":"IDE_ACTIVATED"}
{"ts":1673788196590,"action":"IDE_DEACTIVATED"}
{"ts":1673788210487,"action":"IDE_ACTIVATED"}
{"ts":1673788267920,"action":"IDE_DEACTIVATED"}
{"ts":1673788348001,"action":"IDE_ACTIVATED"}
{"ts":1673788417002,"action":"IDE_DEACTIVATED"}
{"ts":1673788548773,"action":"IDE_ACTIVATED"}
{"ts":1673788552514,"action":"FILE_CLOSED","file":"/src/main/java/me/alex/minesumo/data/database/MongoDB.java","tags":{"FILE_LINE_OF_CODE":"72"}}
{"ts":1673788552514,"action":"FILE_OPENED","file":"/build.gradle","tags":{"FILE_LINE_OF_CODE":"41"}}
{"ts":1673788560105,"action":"IDE_DEACTIVATED"}
{"ts":1673788948815,"action":"IDE_ACTIVATED"}
{"ts":1673789021814,"action":"FILE_CLOSED","file":"/build.gradle","tags":{"FILE_LINE_OF_CODE":"42"}}
{"ts":1673789021814,"action":"FILE_OPENED","file":"/src/main/java/me/alex/minesumo/data/database/MongoDB.java","tags":{"FILE_LINE_OF_CODE":"72"}}
{"ts":1673789026117,"action":"IDE_DEACTIVATED"}
{"ts":1673789032745,"action":"IDE_ACTIVATED"}
{"ts":1673789078932,"action":"FILE_CLOSED","file":"/src/main/java/me/alex/minesumo/data/database/MongoDB.java","tags":{"FILE_LINE_OF_CODE":"74"}}
{"ts":1673789088847,"action":"FILE_OPENED","file":"/src/main/java/me/alex/minesumo/data/database/MongoDB.java","tags":{"FILE_LINE_OF_CODE":"74"}}
{"ts":1673789112317,"action":"IDE_DEACTIVATED"}
{"ts":1673789227301,"action":"IDE_ACTIVATED"}
{"ts":1673789236019,"action":"FILE_CLOSED","file":"/src/main/java/me/alex/minesumo/data/database/MongoDB.java","tags":{"FILE_LINE_OF_CODE":"72"}}
{"ts":1673789236019,"action":"FILE_OPENED","file":"/src/main/resources/logging.properties","tags":{"FILE_LINE_OF_CODE":"1"}}
{"ts":1673789240462,"action":"FILE_OPENED","file":"/src/main/java/me/alex/minesumo/data/database/MongoDB.java","tags":{"FILE_LINE_OF_CODE":"72"}}
{"ts":1673789244947,"action":"FILE_CLOSED","file":"/src/main/java/me/alex/minesumo/data/database/MongoDB.java","tags":{"FILE_LINE_OF_CODE":"72"}}
{"ts":1673789244947,"action":"FILE_OPENED","file":"/build.gradle","tags":{"FILE_LINE_OF_CODE":"42"}}
{"ts":1673789304246,"action":"IDE_DEACTIVATED"}
{"ts":1673789568156,"action":"IDE_ACTIVATED"}
{"ts":1673789572088,"action":"FILE_CLOSED","file":"/build.gradle","tags":{"FILE_LINE_OF_CODE":"41"}}
{"ts":1673789572088,"action":"FILE_OPENED","file":"/src/main/java/me/alex/minesumo/data/database/MongoDB.java","tags":{"FILE_LINE_OF_CODE":"72"}}
{"ts":1673789573695,"action":"IDE_DEACTIVATED"}
{"ts":1673789577843,"action":"IDE_ACTIVATED"}
{"ts":1673789578673,"action":"IDE_DEACTIVATED"}
{"ts":1673790288229,"action":"IDE_ACTIVATED"}
{"ts":1673790289394,"action":"IDE_DEACTIVATED"}
{"ts":1673790322915,"action":"IDE_ACTIVATED"}
{"ts":1673790335306,"action":"FILE_CLOSED","file":"/src/main/java/me/alex/minesumo/data/database/MongoDB.java","tags":{"FILE_LINE_OF_CODE":"72"}}
{"ts":1673790443362,"action":"FILE_OPENED","file":"/src/main/java/me/alex/minesumo/data/database/MongoDB.java","tags":{"FILE_LINE_OF_CODE":"72"}}
{"ts":1673790489889,"action":"FILE_CLOSED","file":"/src/main/java/me/alex/minesumo/data/database/MongoDB.java","tags":{"FILE_LINE_OF_CODE":"73"}}
{"ts":1673790493672,"action":"FILE_OPENED","file":"/src/main/java/me/alex/minesumo/data/database/MongoDB.java","tags":{"FILE_LINE_OF_CODE":"73"}}
{"ts":1673790535687,"action":"FILE_CLOSED","file":"/src/main/java/me/alex/minesumo/data/database/MongoDB.java","tags":{"FILE_LINE_OF_CODE":"73"}}
{"ts":1673790593175,"action":"FILE_OPENED","file":"/src/main/java/me/alex/minesumo/data/database/MongoDB.java","tags":{"FILE_LINE_OF_CODE":"73"}}
{"ts":1673790639200,"action":"FILE_CLOSED","file":"/src/main/java/me/alex/minesumo/data/database/MongoDB.java","tags":{"FILE_LINE_OF_CODE":"72"}}
{"ts":1673790958747,"action":"FILE_OPENED","file":"/src/main/java/me/alex/minesumo/data/database/MongoDB.java","tags":{"FILE_LINE_OF_CODE":"72"}}
{"ts":1673791091342,"action":"FILE_CLOSED","file":"/src/main/java/me/alex/minesumo/data/database/MongoDB.java","tags":{"FILE_LINE_OF_CODE":"71"}}
{"ts":1673791107672,"action":"FILE_OPENED","file":"/src/main/java/me/alex/minesumo/data/database/MongoDB.java","tags":{"FILE_LINE_OF_CODE":"71"}}
{"ts":1673791162934,"action":"FILE_CLOSED","file":"/src/main/java/me/alex/minesumo/data/database/MongoDB.java","tags":{"FILE_LINE_OF_CODE":"71"}}
{"ts":1673791169999,"action":"FILE_OPENED","file":"/src/main/java/me/alex/minesumo/data/database/MongoDB.java","tags":{"FILE_LINE_OF_CODE":"71"}}
{"ts":1673791258793,"action":"IDE_DEACTIVATED"}
{"ts":1673791293512,"action":"IDE_ACTIVATED"}
{"ts":1673791346422,"action":"FILE_CLOSED","file":"/src/main/java/me/alex/minesumo/data/database/MongoDB.java","tags":{"FILE_LINE_OF_CODE":"68"}}
{"ts":1673791346422,"action":"FILE_OPENED","file":"/src/main/java/me/alex/minesumo/map/MapCreator.java","tags":{"FILE_LINE_OF_CODE":"109"}}
{"ts":1673791420381,"action":"FILE_CLOSED","file":"/src/main/java/me/alex/minesumo/map/MapCreator.java","tags":{"FILE_LINE_OF_CODE":"106"}}
{"ts":1673791420381,"action":"FILE_OPENED","file":"/src/main/java/me/alex/minesumo/data/configuration/MinesumoMainConfig.java","tags":{"FILE_LINE_OF_CODE":"36"}}
{"ts":1673791601094,"action":"FILE_CLOSED","file":"/src/main/java/me/alex/minesumo/data/configuration/MinesumoMainConfig.java","tags":{"FILE_LINE_OF_CODE":"36"}}
{"ts":1673791601094,"action":"FILE_OPENED","file":"/src/main/java/me/alex/minesumo/Main.java","tags":{"FILE_LINE_OF_CODE":"16"}}
{"ts":1673791603636,"action":"FILE_OPENED","file":"/src/main/java/me/alex/minesumo/data/configuration/MinesumoMainConfig.java","tags":{"FILE_LINE_OF_CODE":"36"}}
{"ts":1673791604658,"action":"FILE_CLOSED","file":"/src/main/java/me/alex/minesumo/data/configuration/MinesumoMainConfig.java","tags":{"FILE_LINE_OF_CODE":"36"}}
{"ts":1673791604658,"action":"FILE_OPENED","file":"/src/main/java/me/alex/minesumo/Minesumo.java","tags":{"FILE_LINE_OF_CODE":"147"}}
{"ts":1673791895225,"action":"IDE_DEACTIVATED"}
{"ts":1673792058254,"action":"IDE_ACTIVATED"}
{"ts":1673792101749,"action":"IDE_DEACTIVATED"}
{"ts":1673792310271,"action":"IDE_ACTIVATED"}
{"ts":1673792315519,"action":"FILE_CLOSED","file":"/src/main/java/me/alex/minesumo/Minesumo.java","tags":{"FILE_LINE_OF_CODE":"150"}}
{"ts":1673792315519,"action":"FILE_OPENED","file":"/build.gradle","tags":{"FILE_LINE_OF_CODE":"41"}}
{"ts":1673792335915,"action":"IDE_DEACTIVATED"}
{"ts":1673792357945,"action":"IDE_ACTIVATED"}
{"ts":1673792370787,"action":"FILE_CLOSED","file":"/build.gradle","tags":{"FILE_LINE_OF_CODE":"45"}}
{"ts":1673792370787,"action":"FILE_OPENED","file":"/src/main/java/me/alex/minesumo/Minesumo.java","tags":{"FILE_LINE_OF_CODE":"150"}}
{"ts":1673792380887,"action":"FILE_CLOSED","file":"/src/main/java/me/alex/minesumo/Minesumo.java","tags":{"FILE_LINE_OF_CODE":"152"}}
{"ts":1673792380887,"action":"FILE_OPENED","file":"/build.gradle","tags":{"FILE_LINE_OF_CODE":"45"}}
{"ts":1673792392953,"action":"FILE_CLOSED","file":"/build.gradle","tags":{"FILE_LINE_OF_CODE":"45"}}
{"ts":1673792392953,"action":"FILE_OPENED","file":"/src/main/java/me/alex/minesumo/Minesumo.java","tags":{"FILE_LINE_OF_CODE":"152"}}
{"ts":1673792406032,"action":"FILE_CLOSED","file":"/src/main/java/me/alex/minesumo/Minesumo.java","tags":{"FILE_LINE_OF_CODE":"152"}}
{"ts":1673793509596,"action":"IDE_DEACTIVATED"}
{"ts":1673793545526,"action":"IDE_ACTIVATED"}
{"ts":1673793548773,"action":"FILE_OPENED","file":"/src/main/java/me/alex/minesumo/Minesumo.java","tags":{"FILE_LINE_OF_CODE":"152"}}
{"ts":1673793553933,"action":"FILE_CLOSED","file":"/src/main/java/me/alex/minesumo/Minesumo.java","tags":{"FILE_LINE_OF_CODE":"150"}}
{"ts":1673793553933,"action":"FILE_OPENED","file":"/build.gradle","tags":{"FILE_LINE_OF_CODE":"45"}}
{"ts":1673793592527,"action":"IDE_DEACTIVATED"}
{"ts":1673793715611,"action":"IDE_ACTIVATED"}
{"ts":1673793736981,"action":"IDE_DEACTIVATED"}
{"ts":1673793756910,"action":"IDE_ACTIVATED"}
{"ts":1673793879882,"action":"IDE_DEACTIVATED"}
{"ts":1673793958993,"action":"IDE_ACTIVATED"}
{"ts":1673793963302,"action":"FILE_CLOSED","file":"/build.gradle","tags":{"FILE_LINE_OF_CODE":"50"}}
{"ts":1673793963302,"action":"FILE_OPENED","file":"/src/main/java/me/alex/minesumo/Minesumo.java","tags":{"FILE_LINE_OF_CODE":"150"}}
{"ts":1673794006826,"action":"IDE_DEACTIVATED"}
{"ts":1673794697402,"action":"IDE_ACTIVATED"}
{"ts":1673794739765,"action":"IDE_DEACTIVATED"}
{"ts":1673794741165,"action":"IDE_ACTIVATED"}
{"ts":1673794887659,"action":"FILE_CLOSED","file":"/src/main/java/me/alex/minesumo/Minesumo.java","tags":{"FILE_LINE_OF_CODE":"151"}}
{"ts":1673794887659,"action":"FILE_OPENED","file":"/src/main/java/me/alex/minesumo/messages/HeadChat.java","tags":{"FILE_LINE_OF_CODE":"83"}}
{"ts":1673794955419,"action":"FILE_CLOSED","file":"/src/main/java/me/alex/minesumo/messages/HeadChat.java","tags":{"FILE_LINE_OF_CODE":"83"}}
{"ts":1673794955419,"action":"FILE_OPENED","file":"/src/main/java/me/alex/minesumo/data/database/MongoDB.java","tags":{"FILE_LINE_OF_CODE":"68"}}
{"ts":1673794980639,"action":"FILE_CLOSED","file":"/src/main/java/me/alex/minesumo/data/database/MongoDB.java","tags":{"FILE_LINE_OF_CODE":"68"}}
{"ts":1673794980639,"action":"FILE_OPENED","file":"/src/main/java/me/alex/minesumo/data/database/StatisticDB.java","tags":{"FILE_LINE_OF_CODE":"180"}}
{"ts":1673794996305,"action":"FILE_CLOSED","file":"/src/main/java/me/alex/minesumo/data/database/StatisticDB.java","tags":{"FILE_LINE_OF_CODE":"180"}}
{"ts":1673794996305,"action":"FILE_OPENED","file":"/src/main/java/me/alex/minesumo/map/SchematicHandler.java","tags":{"FILE_LINE_OF_CODE":"130"}}
{"ts":1673795044605,"action":"FILE_CLOSED","file":"/src/main/java/me/alex/minesumo/map/SchematicHandler.java","tags":{"FILE_LINE_OF_CODE":"132"}}
{"ts":1673795044605,"action":"FILE_OPENED","file":"/src/main/java/me/alex/minesumo/commands/ArenaSetupCMD.java","tags":{"FILE_LINE_OF_CODE":"211"}}
{"ts":1673796473878,"action":"FILE_CLOSED","file":"/src/main/java/me/alex/minesumo/commands/ArenaSetupCMD.java","tags":{"FILE_LINE_OF_CODE":"210"}}
{"ts":1673796473878,"action":"FILE_OPENED","file":"/src/main/java/me/alex/minesumo/commands/ArenaCMD.java","tags":{"FILE_LINE_OF_CODE":"122"}}
{"ts":1673796714936,"action":"FILE_CLOSED","file":"/src/main/java/me/alex/minesumo/commands/ArenaCMD.java","tags":{"FILE_LINE_OF_CODE":"122"}}
{"ts":1673796718788,"action":"FILE_CLOSED","file":"/src/main/resources/languages_de_DE.properties","tags":{"FILE_LINE_OF_CODE":"31"}}
{"ts":1673796718788,"action":"FILE_OPENED","file":"/src/main/java/me/alex/minesumo/Minesumo.java","tags":{"FILE_LINE_OF_CODE":"151"}}
